This is XeTeX, Version 3.14159265-2.6-0.99999 (TeX Live 2018/W32TeX) (preloaded format=xelatex 2018.5.28)  28 FEB 2019 16:18
entering extended mode
 restricted \write18 enabled.
 %&-line parsing enabled.
**template.tex
(./template.tex
LaTeX2e <2018-04-01> patch level 2
Babel <3.18> and hyphenation patterns for 6 language(s) loaded.
(c:/texlive/2018/texmf-dist/tex/latex/base/article.cls
Document Class: article 2014/09/29 v1.4h Standard LaTeX document class
(c:/texlive/2018/texmf-dist/tex/latex/base/size10.clo
File: size10.clo 2014/09/29 v1.4h Standard LaTeX file (size option)
)
\c@part=\count80
\c@section=\count81
\c@subsection=\count82
\c@subsubsection=\count83
\c@paragraph=\count84
\c@subparagraph=\count85
\c@figure=\count86
\c@table=\count87
\abovecaptionskip=\skip41
\belowcaptionskip=\skip42
\bibindent=\dimen102
)

! LaTeX Error: File `nips15submit_e.sty' not found.

Type X to quit or <RETURN> to proceed,
or enter new name. (Default extension: sty)

Enter file name: 
! Emergency stop.
<read *> 
         
l.3 \usepackage
               {hyperref}^^M
*** (cannot \read from terminal in nonstop modes)

 
Here is how much of TeX's memory you used:
 202 strings out of 494895
 2158 string characters out of 6176372
 57521 words of memory out of 5000000
 4178 multiletter control sequences out of 15000+600000
 3648 words of font info for 15 fonts, out of 8000000 for 9000
 36 hyphenation exceptions out of 8191
 22i,0n,17p,149b,40s stack positions out of 5000i,500n,10000p,200000b,80000s
No pages of output.
